{
  stringValue: '"search"',
  messageFormat: undefined,
  kind: 'ObjectId',
  value: 'search',
  path: '_id',
  reason: BSONError: Argument passed in must be a string of 12 bytes or a string of 24 hex characters or an integer
      at new ObjectId (E:\project\maekcord\backend\node_modules\bson\lib\bson.cjs:2055:23)
      at castObjectId (E:\project\maekcord\backend\node_modules\mongoose\lib\cast\objectid.js:25:12)
      at ObjectId.cast (E:\project\maekcord\backend\node_modules\mongoose\lib\schema\objectid.js:248:12)
      at SchemaType.applySetters (E:\project\maekcord\backend\node_modules\mongoose\lib\schematype.js:1219:12)
      at SchemaType.castForQuery (E:\project\maekcord\backend\node_modules\mongoose\lib\schematype.js:1633:15)
      at cast (E:\project\maekcord\backend\node_modules\mongoose\lib\cast.js:389:32)
      at Query.cast (E:\project\maekcord\backend\node_modules\mongoose\lib\query.js:4927:12)
      at Query._castConditions (E:\project\maekcord\backend\node_modules\mongoose\lib\query.js:2237:10)
      at model.Query._findOne (E:\project\maekcord\backend\node_modules\mongoose\lib\query.js:2533:8)
      at model.Query.exec (E:\project\maekcord\backend\node_modules\mongoose\lib\query.js:4447:28),
  valueType: 'string',
  model: Model { Patient },
  level: 'error',
  message: '❌ 환자 상세 조회 실패: Cast to ObjectId failed for value "search" (type string) at path "_id" for model "Patient"',
  stack: 'CastError: Cast to ObjectId failed for value "search" (type string) at path "_id" for model "Patient"\n' +
    '    at ObjectId.cast (E:\\project\\maekcord\\backend\\node_modules\\mongoose\\lib\\schema\\objectid.js:250:11)\n' +
    '    at SchemaType.applySetters (E:\\project\\maekcord\\backend\\node_modules\\mongoose\\lib\\schematype.js:1219:12)\n' +
    '    at SchemaType.castForQuery (E:\\project\\maekcord\\backend\\node_modules\\mongoose\\lib\\schematype.js:1633:15)\n' +
    '    at cast (E:\\project\\maekcord\\backend\\node_modules\\mongoose\\lib\\cast.js:389:32)\n' +
    '    at Query.cast (E:\\project\\maekcord\\backend\\node_modules\\mongoose\\lib\\query.js:4927:12)\n' +
    '    at Query._castConditions (E:\\project\\maekcord\\backend\\node_modules\\mongoose\\lib\\query.js:2237:10)\n' +
    '    at model.Query._findOne (E:\\project\\maekcord\\backend\\node_modules\\mongoose\\lib\\query.js:2533:8)\n' +
    '    at model.Query.exec (E:\\project\\maekcord\\backend\\node_modules\\mongoose\\lib\\query.js:4447:28)\n' +
    '    at process.processTicksAndRejections (node:internal/process/task_queues:95:5)\n' +
    '    at async E:\\project\\maekcord\\backend\\routes\\patientRoutes.js:443:21',
  timestamp: '2025-07-16 13:48:19.736'
}
{
  stringValue: '"search"',
  messageFormat: undefined,
  kind: 'ObjectId',
  value: 'search',
  path: '_id',
  reason: BSONError: Argument passed in must be a string of 12 bytes or a string of 24 hex characters or an integer
      at new ObjectId (E:\project\maekcord\backend\node_modules\bson\lib\bson.cjs:2055:23)
      at castObjectId (E:\project\maekcord\backend\node_modules\mongoose\lib\cast\objectid.js:25:12)
      at ObjectId.cast (E:\project\maekcord\backend\node_modules\mongoose\lib\schema\objectid.js:248:12)
      at SchemaType.applySetters (E:\project\maekcord\backend\node_modules\mongoose\lib\schematype.js:1219:12)
      at SchemaType.castForQuery (E:\project\maekcord\backend\node_modules\mongoose\lib\schematype.js:1633:15)
      at cast (E:\project\maekcord\backend\node_modules\mongoose\lib\cast.js:389:32)
      at Query.cast (E:\project\maekcord\backend\node_modules\mongoose\lib\query.js:4927:12)
      at Query._castConditions (E:\project\maekcord\backend\node_modules\mongoose\lib\query.js:2237:10)
      at model.Query._findOne (E:\project\maekcord\backend\node_modules\mongoose\lib\query.js:2533:8)
      at model.Query.exec (E:\project\maekcord\backend\node_modules\mongoose\lib\query.js:4447:28),
  valueType: 'string',
  model: Model { Patient },
  level: 'error',
  message: '❌ 환자 상세 조회 실패: Cast to ObjectId failed for value "search" (type string) at path "_id" for model "Patient"',
  stack: 'CastError: Cast to ObjectId failed for value "search" (type string) at path "_id" for model "Patient"\n' +
    '    at ObjectId.cast (E:\\project\\maekcord\\backend\\node_modules\\mongoose\\lib\\schema\\objectid.js:250:11)\n' +
    '    at SchemaType.applySetters (E:\\project\\maekcord\\backend\\node_modules\\mongoose\\lib\\schematype.js:1219:12)\n' +
    '    at SchemaType.castForQuery (E:\\project\\maekcord\\backend\\node_modules\\mongoose\\lib\\schematype.js:1633:15)\n' +
    '    at cast (E:\\project\\maekcord\\backend\\node_modules\\mongoose\\lib\\cast.js:389:32)\n' +
    '    at Query.cast (E:\\project\\maekcord\\backend\\node_modules\\mongoose\\lib\\query.js:4927:12)\n' +
    '    at Query._castConditions (E:\\project\\maekcord\\backend\\node_modules\\mongoose\\lib\\query.js:2237:10)\n' +
    '    at model.Query._findOne (E:\\project\\maekcord\\backend\\node_modules\\mongoose\\lib\\query.js:2533:8)\n' +
    '    at model.Query.exec (E:\\project\\maekcord\\backend\\node_modules\\mongoose\\lib\\query.js:4447:28)\n' +
    '    at process.processTicksAndRejections (node:internal/process/task_queues:95:5)\n' +
    '    at async E:\\project\\maekcord\\backend\\routes\\patientRoutes.js:443:21',
  timestamp: '2025-07-16 13:48:19.746'
}
{
  stringValue: '"search"',
  messageFormat: undefined,
  kind: 'ObjectId',
  value: 'search',
  path: '_id',
  reason: BSONError: Argument passed in must be a string of 12 bytes or a string of 24 hex characters or an integer
      at new ObjectId (E:\project\maekcord\backend\node_modules\bson\lib\bson.cjs:2055:23)
      at castObjectId (E:\project\maekcord\backend\node_modules\mongoose\lib\cast\objectid.js:25:12)
      at ObjectId.cast (E:\project\maekcord\backend\node_modules\mongoose\lib\schema\objectid.js:248:12)
      at SchemaType.applySetters (E:\project\maekcord\backend\node_modules\mongoose\lib\schematype.js:1219:12)
      at SchemaType.castForQuery (E:\project\maekcord\backend\node_modules\mongoose\lib\schematype.js:1633:15)
      at cast (E:\project\maekcord\backend\node_modules\mongoose\lib\cast.js:389:32)
      at Query.cast (E:\project\maekcord\backend\node_modules\mongoose\lib\query.js:4927:12)
      at Query._castConditions (E:\project\maekcord\backend\node_modules\mongoose\lib\query.js:2237:10)
      at model.Query._findOne (E:\project\maekcord\backend\node_modules\mongoose\lib\query.js:2533:8)
      at model.Query.exec (E:\project\maekcord\backend\node_modules\mongoose\lib\query.js:4447:28),
  valueType: 'string',
  model: Model { Patient },
  level: 'error',
  message: '❌ 환자 상세 조회 실패: Cast to ObjectId failed for value "search" (type string) at path "_id" for model "Patient"',
  stack: 'CastError: Cast to ObjectId failed for value "search" (type string) at path "_id" for model "Patient"\n' +
    '    at ObjectId.cast (E:\\project\\maekcord\\backend\\node_modules\\mongoose\\lib\\schema\\objectid.js:250:11)\n' +
    '    at SchemaType.applySetters (E:\\project\\maekcord\\backend\\node_modules\\mongoose\\lib\\schematype.js:1219:12)\n' +
    '    at SchemaType.castForQuery (E:\\project\\maekcord\\backend\\node_modules\\mongoose\\lib\\schematype.js:1633:15)\n' +
    '    at cast (E:\\project\\maekcord\\backend\\node_modules\\mongoose\\lib\\cast.js:389:32)\n' +
    '    at Query.cast (E:\\project\\maekcord\\backend\\node_modules\\mongoose\\lib\\query.js:4927:12)\n' +
    '    at Query._castConditions (E:\\project\\maekcord\\backend\\node_modules\\mongoose\\lib\\query.js:2237:10)\n' +
    '    at model.Query._findOne (E:\\project\\maekcord\\backend\\node_modules\\mongoose\\lib\\query.js:2533:8)\n' +
    '    at model.Query.exec (E:\\project\\maekcord\\backend\\node_modules\\mongoose\\lib\\query.js:4447:28)\n' +
    '    at process.processTicksAndRejections (node:internal/process/task_queues:95:5)\n' +
    '    at async E:\\project\\maekcord\\backend\\routes\\patientRoutes.js:443:21',
  timestamp: '2025-07-16 13:48:20.148'
}
{
  stringValue: '"search"',
  messageFormat: undefined,
  kind: 'ObjectId',
  value: 'search',
  path: '_id',
  reason: BSONError: Argument passed in must be a string of 12 bytes or a string of 24 hex characters or an integer
      at new ObjectId (E:\project\maekcord\backend\node_modules\bson\lib\bson.cjs:2055:23)
      at castObjectId (E:\project\maekcord\backend\node_modules\mongoose\lib\cast\objectid.js:25:12)
      at ObjectId.cast (E:\project\maekcord\backend\node_modules\mongoose\lib\schema\objectid.js:248:12)
      at SchemaType.applySetters (E:\project\maekcord\backend\node_modules\mongoose\lib\schematype.js:1219:12)
      at SchemaType.castForQuery (E:\project\maekcord\backend\node_modules\mongoose\lib\schematype.js:1633:15)
      at cast (E:\project\maekcord\backend\node_modules\mongoose\lib\cast.js:389:32)
      at Query.cast (E:\project\maekcord\backend\node_modules\mongoose\lib\query.js:4927:12)
      at Query._castConditions (E:\project\maekcord\backend\node_modules\mongoose\lib\query.js:2237:10)
      at model.Query._findOne (E:\project\maekcord\backend\node_modules\mongoose\lib\query.js:2533:8)
      at model.Query.exec (E:\project\maekcord\backend\node_modules\mongoose\lib\query.js:4447:28),
  valueType: 'string',
  model: Model { Patient },
  level: 'error',
  message: '❌ 환자 상세 조회 실패: Cast to ObjectId failed for value "search" (type string) at path "_id" for model "Patient"',
  stack: 'CastError: Cast to ObjectId failed for value "search" (type string) at path "_id" for model "Patient"\n' +
    '    at ObjectId.cast (E:\\project\\maekcord\\backend\\node_modules\\mongoose\\lib\\schema\\objectid.js:250:11)\n' +
    '    at SchemaType.applySetters (E:\\project\\maekcord\\backend\\node_modules\\mongoose\\lib\\schematype.js:1219:12)\n' +
    '    at SchemaType.castForQuery (E:\\project\\maekcord\\backend\\node_modules\\mongoose\\lib\\schematype.js:1633:15)\n' +
    '    at cast (E:\\project\\maekcord\\backend\\node_modules\\mongoose\\lib\\cast.js:389:32)\n' +
    '    at Query.cast (E:\\project\\maekcord\\backend\\node_modules\\mongoose\\lib\\query.js:4927:12)\n' +
    '    at Query._castConditions (E:\\project\\maekcord\\backend\\node_modules\\mongoose\\lib\\query.js:2237:10)\n' +
    '    at model.Query._findOne (E:\\project\\maekcord\\backend\\node_modules\\mongoose\\lib\\query.js:2533:8)\n' +
    '    at model.Query.exec (E:\\project\\maekcord\\backend\\node_modules\\mongoose\\lib\\query.js:4447:28)\n' +
    '    at process.processTicksAndRejections (node:internal/process/task_queues:95:5)\n' +
    '    at async E:\\project\\maekcord\\backend\\routes\\patientRoutes.js:443:21',
  timestamp: '2025-07-16 13:48:20.420'
}
{
  stringValue: '"search"',
  messageFormat: undefined,
  kind: 'ObjectId',
  value: 'search',
  path: '_id',
  reason: BSONError: Argument passed in must be a string of 12 bytes or a string of 24 hex characters or an integer
      at new ObjectId (E:\project\maekcord\backend\node_modules\bson\lib\bson.cjs:2055:23)
      at castObjectId (E:\project\maekcord\backend\node_modules\mongoose\lib\cast\objectid.js:25:12)
      at ObjectId.cast (E:\project\maekcord\backend\node_modules\mongoose\lib\schema\objectid.js:248:12)
      at SchemaType.applySetters (E:\project\maekcord\backend\node_modules\mongoose\lib\schematype.js:1219:12)
      at SchemaType.castForQuery (E:\project\maekcord\backend\node_modules\mongoose\lib\schematype.js:1633:15)
      at cast (E:\project\maekcord\backend\node_modules\mongoose\lib\cast.js:389:32)
      at Query.cast (E:\project\maekcord\backend\node_modules\mongoose\lib\query.js:4927:12)
      at Query._castConditions (E:\project\maekcord\backend\node_modules\mongoose\lib\query.js:2237:10)
      at model.Query._findOne (E:\project\maekcord\backend\node_modules\mongoose\lib\query.js:2533:8)
      at model.Query.exec (E:\project\maekcord\backend\node_modules\mongoose\lib\query.js:4447:28),
  valueType: 'string',
  model: Model { Patient },
  level: 'error',
  message: '❌ 환자 상세 조회 실패: Cast to ObjectId failed for value "search" (type string) at path "_id" for model "Patient"',
  stack: 'CastError: Cast to ObjectId failed for value "search" (type string) at path "_id" for model "Patient"\n' +
    '    at ObjectId.cast (E:\\project\\maekcord\\backend\\node_modules\\mongoose\\lib\\schema\\objectid.js:250:11)\n' +
    '    at SchemaType.applySetters (E:\\project\\maekcord\\backend\\node_modules\\mongoose\\lib\\schematype.js:1219:12)\n' +
    '    at SchemaType.castForQuery (E:\\project\\maekcord\\backend\\node_modules\\mongoose\\lib\\schematype.js:1633:15)\n' +
    '    at cast (E:\\project\\maekcord\\backend\\node_modules\\mongoose\\lib\\cast.js:389:32)\n' +
    '    at Query.cast (E:\\project\\maekcord\\backend\\node_modules\\mongoose\\lib\\query.js:4927:12)\n' +
    '    at Query._castConditions (E:\\project\\maekcord\\backend\\node_modules\\mongoose\\lib\\query.js:2237:10)\n' +
    '    at model.Query._findOne (E:\\project\\maekcord\\backend\\node_modules\\mongoose\\lib\\query.js:2533:8)\n' +
    '    at model.Query.exec (E:\\project\\maekcord\\backend\\node_modules\\mongoose\\lib\\query.js:4447:28)\n' +
    '    at process.processTicksAndRejections (node:internal/process/task_queues:95:5)\n' +
    '    at async E:\\project\\maekcord\\backend\\routes\\patientRoutes.js:443:21',
  timestamp: '2025-07-16 13:48:20.427'
}
{
  stringValue: '"search"',
  messageFormat: undefined,
  kind: 'ObjectId',
  value: 'search',
  path: '_id',
  reason: BSONError: Argument passed in must be a string of 12 bytes or a string of 24 hex characters or an integer
      at new ObjectId (E:\project\maekcord\backend\node_modules\bson\lib\bson.cjs:2055:23)
      at castObjectId (E:\project\maekcord\backend\node_modules\mongoose\lib\cast\objectid.js:25:12)
      at ObjectId.cast (E:\project\maekcord\backend\node_modules\mongoose\lib\schema\objectid.js:248:12)
      at SchemaType.applySetters (E:\project\maekcord\backend\node_modules\mongoose\lib\schematype.js:1219:12)
      at SchemaType.castForQuery (E:\project\maekcord\backend\node_modules\mongoose\lib\schematype.js:1633:15)
      at cast (E:\project\maekcord\backend\node_modules\mongoose\lib\cast.js:389:32)
      at Query.cast (E:\project\maekcord\backend\node_modules\mongoose\lib\query.js:4927:12)
      at Query._castConditions (E:\project\maekcord\backend\node_modules\mongoose\lib\query.js:2237:10)
      at model.Query._findOne (E:\project\maekcord\backend\node_modules\mongoose\lib\query.js:2533:8)
      at model.Query.exec (E:\project\maekcord\backend\node_modules\mongoose\lib\query.js:4447:28),
  valueType: 'string',
  model: Model { Patient },
  level: 'error',
  message: '❌ 환자 상세 조회 실패: Cast to ObjectId failed for value "search" (type string) at path "_id" for model "Patient"',
  stack: 'CastError: Cast to ObjectId failed for value "search" (type string) at path "_id" for model "Patient"\n' +
    '    at ObjectId.cast (E:\\project\\maekcord\\backend\\node_modules\\mongoose\\lib\\schema\\objectid.js:250:11)\n' +
    '    at SchemaType.applySetters (E:\\project\\maekcord\\backend\\node_modules\\mongoose\\lib\\schematype.js:1219:12)\n' +
    '    at SchemaType.castForQuery (E:\\project\\maekcord\\backend\\node_modules\\mongoose\\lib\\schematype.js:1633:15)\n' +
    '    at cast (E:\\project\\maekcord\\backend\\node_modules\\mongoose\\lib\\cast.js:389:32)\n' +
    '    at Query.cast (E:\\project\\maekcord\\backend\\node_modules\\mongoose\\lib\\query.js:4927:12)\n' +
    '    at Query._castConditions (E:\\project\\maekcord\\backend\\node_modules\\mongoose\\lib\\query.js:2237:10)\n' +
    '    at model.Query._findOne (E:\\project\\maekcord\\backend\\node_modules\\mongoose\\lib\\query.js:2533:8)\n' +
    '    at model.Query.exec (E:\\project\\maekcord\\backend\\node_modules\\mongoose\\lib\\query.js:4447:28)\n' +
    '    at process.processTicksAndRejections (node:internal/process/task_queues:95:5)\n' +
    '    at async E:\\project\\maekcord\\backend\\routes\\patientRoutes.js:443:21',
  timestamp: '2025-07-16 13:48:20.555'
}
{
  stringValue: '"search"',
  messageFormat: undefined,
  kind: 'ObjectId',
  value: 'search',
  path: '_id',
  reason: BSONError: Argument passed in must be a string of 12 bytes or a string of 24 hex characters or an integer
      at new ObjectId (E:\project\maekcord\backend\node_modules\bson\lib\bson.cjs:2055:23)
      at castObjectId (E:\project\maekcord\backend\node_modules\mongoose\lib\cast\objectid.js:25:12)
      at ObjectId.cast (E:\project\maekcord\backend\node_modules\mongoose\lib\schema\objectid.js:248:12)
      at SchemaType.applySetters (E:\project\maekcord\backend\node_modules\mongoose\lib\schematype.js:1219:12)
      at SchemaType.castForQuery (E:\project\maekcord\backend\node_modules\mongoose\lib\schematype.js:1633:15)
      at cast (E:\project\maekcord\backend\node_modules\mongoose\lib\cast.js:389:32)
      at Query.cast (E:\project\maekcord\backend\node_modules\mongoose\lib\query.js:4927:12)
      at Query._castConditions (E:\project\maekcord\backend\node_modules\mongoose\lib\query.js:2237:10)
      at model.Query._findOne (E:\project\maekcord\backend\node_modules\mongoose\lib\query.js:2533:8)
      at model.Query.exec (E:\project\maekcord\backend\node_modules\mongoose\lib\query.js:4447:28),
  valueType: 'string',
  model: Model { Patient },
  level: 'error',
  message: '❌ 환자 상세 조회 실패: Cast to ObjectId failed for value "search" (type string) at path "_id" for model "Patient"',
  stack: 'CastError: Cast to ObjectId failed for value "search" (type string) at path "_id" for model "Patient"\n' +
    '    at ObjectId.cast (E:\\project\\maekcord\\backend\\node_modules\\mongoose\\lib\\schema\\objectid.js:250:11)\n' +
    '    at SchemaType.applySetters (E:\\project\\maekcord\\backend\\node_modules\\mongoose\\lib\\schematype.js:1219:12)\n' +
    '    at SchemaType.castForQuery (E:\\project\\maekcord\\backend\\node_modules\\mongoose\\lib\\schematype.js:1633:15)\n' +
    '    at cast (E:\\project\\maekcord\\backend\\node_modules\\mongoose\\lib\\cast.js:389:32)\n' +
    '    at Query.cast (E:\\project\\maekcord\\backend\\node_modules\\mongoose\\lib\\query.js:4927:12)\n' +
    '    at Query._castConditions (E:\\project\\maekcord\\backend\\node_modules\\mongoose\\lib\\query.js:2237:10)\n' +
    '    at model.Query._findOne (E:\\project\\maekcord\\backend\\node_modules\\mongoose\\lib\\query.js:2533:8)\n' +
    '    at model.Query.exec (E:\\project\\maekcord\\backend\\node_modules\\mongoose\\lib\\query.js:4447:28)\n' +
    '    at process.processTicksAndRejections (node:internal/process/task_queues:95:5)\n' +
    '    at async E:\\project\\maekcord\\backend\\routes\\patientRoutes.js:443:21',
  timestamp: '2025-07-16 13:48:21.300'
}
{
  stringValue: '"search"',
  messageFormat: undefined,
  kind: 'ObjectId',
  value: 'search',
  path: '_id',
  reason: BSONError: Argument passed in must be a string of 12 bytes or a string of 24 hex characters or an integer
      at new ObjectId (E:\project\maekcord\backend\node_modules\bson\lib\bson.cjs:2055:23)
      at castObjectId (E:\project\maekcord\backend\node_modules\mongoose\lib\cast\objectid.js:25:12)
      at ObjectId.cast (E:\project\maekcord\backend\node_modules\mongoose\lib\schema\objectid.js:248:12)
      at SchemaType.applySetters (E:\project\maekcord\backend\node_modules\mongoose\lib\schematype.js:1219:12)
      at SchemaType.castForQuery (E:\project\maekcord\backend\node_modules\mongoose\lib\schematype.js:1633:15)
      at cast (E:\project\maekcord\backend\node_modules\mongoose\lib\cast.js:389:32)
      at Query.cast (E:\project\maekcord\backend\node_modules\mongoose\lib\query.js:4927:12)
      at Query._castConditions (E:\project\maekcord\backend\node_modules\mongoose\lib\query.js:2237:10)
      at model.Query._findOne (E:\project\maekcord\backend\node_modules\mongoose\lib\query.js:2533:8)
      at model.Query.exec (E:\project\maekcord\backend\node_modules\mongoose\lib\query.js:4447:28),
  valueType: 'string',
  model: Model { Patient },
  level: 'error',
  message: '❌ 환자 상세 조회 실패: Cast to ObjectId failed for value "search" (type string) at path "_id" for model "Patient"',
  stack: 'CastError: Cast to ObjectId failed for value "search" (type string) at path "_id" for model "Patient"\n' +
    '    at ObjectId.cast (E:\\project\\maekcord\\backend\\node_modules\\mongoose\\lib\\schema\\objectid.js:250:11)\n' +
    '    at SchemaType.applySetters (E:\\project\\maekcord\\backend\\node_modules\\mongoose\\lib\\schematype.js:1219:12)\n' +
    '    at SchemaType.castForQuery (E:\\project\\maekcord\\backend\\node_modules\\mongoose\\lib\\schematype.js:1633:15)\n' +
    '    at cast (E:\\project\\maekcord\\backend\\node_modules\\mongoose\\lib\\cast.js:389:32)\n' +
    '    at Query.cast (E:\\project\\maekcord\\backend\\node_modules\\mongoose\\lib\\query.js:4927:12)\n' +
    '    at Query._castConditions (E:\\project\\maekcord\\backend\\node_modules\\mongoose\\lib\\query.js:2237:10)\n' +
    '    at model.Query._findOne (E:\\project\\maekcord\\backend\\node_modules\\mongoose\\lib\\query.js:2533:8)\n' +
    '    at model.Query.exec (E:\\project\\maekcord\\backend\\node_modules\\mongoose\\lib\\query.js:4447:28)\n' +
    '    at process.processTicksAndRejections (node:internal/process/task_queues:95:5)\n' +
    '    at async E:\\project\\maekcord\\backend\\routes\\patientRoutes.js:443:21',
  timestamp: '2025-07-16 13:48:21.316'
}
{
  stringValue: '"search"',
  messageFormat: undefined,
  kind: 'ObjectId',
  value: 'search',
  path: '_id',
  reason: BSONError: Argument passed in must be a string of 12 bytes or a string of 24 hex characters or an integer
      at new ObjectId (E:\project\maekcord\backend\node_modules\bson\lib\bson.cjs:2055:23)
      at castObjectId (E:\project\maekcord\backend\node_modules\mongoose\lib\cast\objectid.js:25:12)
      at ObjectId.cast (E:\project\maekcord\backend\node_modules\mongoose\lib\schema\objectid.js:248:12)
      at SchemaType.applySetters (E:\project\maekcord\backend\node_modules\mongoose\lib\schematype.js:1219:12)
      at SchemaType.castForQuery (E:\project\maekcord\backend\node_modules\mongoose\lib\schematype.js:1633:15)
      at cast (E:\project\maekcord\backend\node_modules\mongoose\lib\cast.js:389:32)
      at Query.cast (E:\project\maekcord\backend\node_modules\mongoose\lib\query.js:4927:12)
      at Query._castConditions (E:\project\maekcord\backend\node_modules\mongoose\lib\query.js:2237:10)
      at model.Query._findOne (E:\project\maekcord\backend\node_modules\mongoose\lib\query.js:2533:8)
      at model.Query.exec (E:\project\maekcord\backend\node_modules\mongoose\lib\query.js:4447:28),
  valueType: 'string',
  model: Model { Patient },
  level: 'error',
  message: '❌ 환자 상세 조회 실패: Cast to ObjectId failed for value "search" (type string) at path "_id" for model "Patient"',
  stack: 'CastError: Cast to ObjectId failed for value "search" (type string) at path "_id" for model "Patient"\n' +
    '    at ObjectId.cast (E:\\project\\maekcord\\backend\\node_modules\\mongoose\\lib\\schema\\objectid.js:250:11)\n' +
    '    at SchemaType.applySetters (E:\\project\\maekcord\\backend\\node_modules\\mongoose\\lib\\schematype.js:1219:12)\n' +
    '    at SchemaType.castForQuery (E:\\project\\maekcord\\backend\\node_modules\\mongoose\\lib\\schematype.js:1633:15)\n' +
    '    at cast (E:\\project\\maekcord\\backend\\node_modules\\mongoose\\lib\\cast.js:389:32)\n' +
    '    at Query.cast (E:\\project\\maekcord\\backend\\node_modules\\mongoose\\lib\\query.js:4927:12)\n' +
    '    at Query._castConditions (E:\\project\\maekcord\\backend\\node_modules\\mongoose\\lib\\query.js:2237:10)\n' +
    '    at model.Query._findOne (E:\\project\\maekcord\\backend\\node_modules\\mongoose\\lib\\query.js:2533:8)\n' +
    '    at model.Query.exec (E:\\project\\maekcord\\backend\\node_modules\\mongoose\\lib\\query.js:4447:28)\n' +
    '    at process.processTicksAndRejections (node:internal/process/task_queues:95:5)\n' +
    '    at async E:\\project\\maekcord\\backend\\routes\\patientRoutes.js:443:21',
  timestamp: '2025-07-16 13:48:21.325'
}
{
  stringValue: '"search"',
  messageFormat: undefined,
  kind: 'ObjectId',
  value: 'search',
  path: '_id',
  reason: BSONError: Argument passed in must be a string of 12 bytes or a string of 24 hex characters or an integer
      at new ObjectId (E:\project\maekcord\backend\node_modules\bson\lib\bson.cjs:2055:23)
      at castObjectId (E:\project\maekcord\backend\node_modules\mongoose\lib\cast\objectid.js:25:12)
      at ObjectId.cast (E:\project\maekcord\backend\node_modules\mongoose\lib\schema\objectid.js:248:12)
      at SchemaType.applySetters (E:\project\maekcord\backend\node_modules\mongoose\lib\schematype.js:1219:12)
      at SchemaType.castForQuery (E:\project\maekcord\backend\node_modules\mongoose\lib\schematype.js:1633:15)
      at cast (E:\project\maekcord\backend\node_modules\mongoose\lib\cast.js:389:32)
      at Query.cast (E:\project\maekcord\backend\node_modules\mongoose\lib\query.js:4927:12)
      at Query._castConditions (E:\project\maekcord\backend\node_modules\mongoose\lib\query.js:2237:10)
      at model.Query._findOne (E:\project\maekcord\backend\node_modules\mongoose\lib\query.js:2533:8)
      at model.Query.exec (E:\project\maekcord\backend\node_modules\mongoose\lib\query.js:4447:28),
  valueType: 'string',
  model: Model { Patient },
  level: 'error',
  message: '❌ 환자 상세 조회 실패: Cast to ObjectId failed for value "search" (type string) at path "_id" for model "Patient"',
  stack: 'CastError: Cast to ObjectId failed for value "search" (type string) at path "_id" for model "Patient"\n' +
    '    at ObjectId.cast (E:\\project\\maekcord\\backend\\node_modules\\mongoose\\lib\\schema\\objectid.js:250:11)\n' +
    '    at SchemaType.applySetters (E:\\project\\maekcord\\backend\\node_modules\\mongoose\\lib\\schematype.js:1219:12)\n' +
    '    at SchemaType.castForQuery (E:\\project\\maekcord\\backend\\node_modules\\mongoose\\lib\\schematype.js:1633:15)\n' +
    '    at cast (E:\\project\\maekcord\\backend\\node_modules\\mongoose\\lib\\cast.js:389:32)\n' +
    '    at Query.cast (E:\\project\\maekcord\\backend\\node_modules\\mongoose\\lib\\query.js:4927:12)\n' +
    '    at Query._castConditions (E:\\project\\maekcord\\backend\\node_modules\\mongoose\\lib\\query.js:2237:10)\n' +
    '    at model.Query._findOne (E:\\project\\maekcord\\backend\\node_modules\\mongoose\\lib\\query.js:2533:8)\n' +
    '    at model.Query.exec (E:\\project\\maekcord\\backend\\node_modules\\mongoose\\lib\\query.js:4447:28)\n' +
    '    at process.processTicksAndRejections (node:internal/process/task_queues:95:5)\n' +
    '    at async E:\\project\\maekcord\\backend\\routes\\patientRoutes.js:443:21',
  timestamp: '2025-07-16 13:48:21.641'
}
{
  stringValue: '"search"',
  messageFormat: undefined,
  kind: 'ObjectId',
  value: 'search',
  path: '_id',
  reason: BSONError: Argument passed in must be a string of 12 bytes or a string of 24 hex characters or an integer
      at new ObjectId (E:\project\maekcord\backend\node_modules\bson\lib\bson.cjs:2055:23)
      at castObjectId (E:\project\maekcord\backend\node_modules\mongoose\lib\cast\objectid.js:25:12)
      at ObjectId.cast (E:\project\maekcord\backend\node_modules\mongoose\lib\schema\objectid.js:248:12)
      at SchemaType.applySetters (E:\project\maekcord\backend\node_modules\mongoose\lib\schematype.js:1219:12)
      at SchemaType.castForQuery (E:\project\maekcord\backend\node_modules\mongoose\lib\schematype.js:1633:15)
      at cast (E:\project\maekcord\backend\node_modules\mongoose\lib\cast.js:389:32)
      at Query.cast (E:\project\maekcord\backend\node_modules\mongoose\lib\query.js:4927:12)
      at Query._castConditions (E:\project\maekcord\backend\node_modules\mongoose\lib\query.js:2237:10)
      at model.Query._findOne (E:\project\maekcord\backend\node_modules\mongoose\lib\query.js:2533:8)
      at model.Query.exec (E:\project\maekcord\backend\node_modules\mongoose\lib\query.js:4447:28),
  valueType: 'string',
  model: Model { Patient },
  level: 'error',
  message: '❌ 환자 상세 조회 실패: Cast to ObjectId failed for value "search" (type string) at path "_id" for model "Patient"',
  stack: 'CastError: Cast to ObjectId failed for value "search" (type string) at path "_id" for model "Patient"\n' +
    '    at ObjectId.cast (E:\\project\\maekcord\\backend\\node_modules\\mongoose\\lib\\schema\\objectid.js:250:11)\n' +
    '    at SchemaType.applySetters (E:\\project\\maekcord\\backend\\node_modules\\mongoose\\lib\\schematype.js:1219:12)\n' +
    '    at SchemaType.castForQuery (E:\\project\\maekcord\\backend\\node_modules\\mongoose\\lib\\schematype.js:1633:15)\n' +
    '    at cast (E:\\project\\maekcord\\backend\\node_modules\\mongoose\\lib\\cast.js:389:32)\n' +
    '    at Query.cast (E:\\project\\maekcord\\backend\\node_modules\\mongoose\\lib\\query.js:4927:12)\n' +
    '    at Query._castConditions (E:\\project\\maekcord\\backend\\node_modules\\mongoose\\lib\\query.js:2237:10)\n' +
    '    at model.Query._findOne (E:\\project\\maekcord\\backend\\node_modules\\mongoose\\lib\\query.js:2533:8)\n' +
    '    at model.Query.exec (E:\\project\\maekcord\\backend\\node_modules\\mongoose\\lib\\query.js:4447:28)\n' +
    '    at process.processTicksAndRejections (node:internal/process/task_queues:95:5)\n' +
    '    at async E:\\project\\maekcord\\backend\\routes\\patientRoutes.js:443:21',
  timestamp: '2025-07-16 13:48:21.648'
}
{
  stringValue: '"search"',
  messageFormat: undefined,
  kind: 'ObjectId',
  value: 'search',
  path: '_id',
  reason: BSONError: Argument passed in must be a string of 12 bytes or a string of 24 hex characters or an integer
      at new ObjectId (E:\project\maekcord\backend\node_modules\bson\lib\bson.cjs:2055:23)
      at castObjectId (E:\project\maekcord\backend\node_modules\mongoose\lib\cast\objectid.js:25:12)
      at ObjectId.cast (E:\project\maekcord\backend\node_modules\mongoose\lib\schema\objectid.js:248:12)
      at SchemaType.applySetters (E:\project\maekcord\backend\node_modules\mongoose\lib\schematype.js:1219:12)
      at SchemaType.castForQuery (E:\project\maekcord\backend\node_modules\mongoose\lib\schematype.js:1633:15)
      at cast (E:\project\maekcord\backend\node_modules\mongoose\lib\cast.js:389:32)
      at Query.cast (E:\project\maekcord\backend\node_modules\mongoose\lib\query.js:4927:12)
      at Query._castConditions (E:\project\maekcord\backend\node_modules\mongoose\lib\query.js:2237:10)
      at model.Query._findOne (E:\project\maekcord\backend\node_modules\mongoose\lib\query.js:2533:8)
      at model.Query.exec (E:\project\maekcord\backend\node_modules\mongoose\lib\query.js:4447:28),
  valueType: 'string',
  model: Model { Patient },
  level: 'error',
  message: '❌ 환자 상세 조회 실패: Cast to ObjectId failed for value "search" (type string) at path "_id" for model "Patient"',
  stack: 'CastError: Cast to ObjectId failed for value "search" (type string) at path "_id" for model "Patient"\n' +
    '    at ObjectId.cast (E:\\project\\maekcord\\backend\\node_modules\\mongoose\\lib\\schema\\objectid.js:250:11)\n' +
    '    at SchemaType.applySetters (E:\\project\\maekcord\\backend\\node_modules\\mongoose\\lib\\schematype.js:1219:12)\n' +
    '    at SchemaType.castForQuery (E:\\project\\maekcord\\backend\\node_modules\\mongoose\\lib\\schematype.js:1633:15)\n' +
    '    at cast (E:\\project\\maekcord\\backend\\node_modules\\mongoose\\lib\\cast.js:389:32)\n' +
    '    at Query.cast (E:\\project\\maekcord\\backend\\node_modules\\mongoose\\lib\\query.js:4927:12)\n' +
    '    at Query._castConditions (E:\\project\\maekcord\\backend\\node_modules\\mongoose\\lib\\query.js:2237:10)\n' +
    '    at model.Query._findOne (E:\\project\\maekcord\\backend\\node_modules\\mongoose\\lib\\query.js:2533:8)\n' +
    '    at model.Query.exec (E:\\project\\maekcord\\backend\\node_modules\\mongoose\\lib\\query.js:4447:28)\n' +
    '    at process.processTicksAndRejections (node:internal/process/task_queues:95:5)\n' +
    '    at async E:\\project\\maekcord\\backend\\routes\\patientRoutes.js:443:21',
  timestamp: '2025-07-16 13:48:21.654'
}
{
  stringValue: '"search"',
  messageFormat: undefined,
  kind: 'ObjectId',
  value: 'search',
  path: '_id',
  reason: BSONError: Argument passed in must be a string of 12 bytes or a string of 24 hex characters or an integer
      at new ObjectId (E:\project\maekcord\backend\node_modules\bson\lib\bson.cjs:2055:23)
      at castObjectId (E:\project\maekcord\backend\node_modules\mongoose\lib\cast\objectid.js:25:12)
      at ObjectId.cast (E:\project\maekcord\backend\node_modules\mongoose\lib\schema\objectid.js:248:12)
      at SchemaType.applySetters (E:\project\maekcord\backend\node_modules\mongoose\lib\schematype.js:1219:12)
      at SchemaType.castForQuery (E:\project\maekcord\backend\node_modules\mongoose\lib\schematype.js:1633:15)
      at cast (E:\project\maekcord\backend\node_modules\mongoose\lib\cast.js:389:32)
      at Query.cast (E:\project\maekcord\backend\node_modules\mongoose\lib\query.js:4927:12)
      at Query._castConditions (E:\project\maekcord\backend\node_modules\mongoose\lib\query.js:2237:10)
      at model.Query._findOne (E:\project\maekcord\backend\node_modules\mongoose\lib\query.js:2533:8)
      at model.Query.exec (E:\project\maekcord\backend\node_modules\mongoose\lib\query.js:4447:28),
  valueType: 'string',
  model: Model { Patient },
  level: 'error',
  message: '❌ 환자 상세 조회 실패: Cast to ObjectId failed for value "search" (type string) at path "_id" for model "Patient"',
  stack: 'CastError: Cast to ObjectId failed for value "search" (type string) at path "_id" for model "Patient"\n' +
    '    at ObjectId.cast (E:\\project\\maekcord\\backend\\node_modules\\mongoose\\lib\\schema\\objectid.js:250:11)\n' +
    '    at SchemaType.applySetters (E:\\project\\maekcord\\backend\\node_modules\\mongoose\\lib\\schematype.js:1219:12)\n' +
    '    at SchemaType.castForQuery (E:\\project\\maekcord\\backend\\node_modules\\mongoose\\lib\\schematype.js:1633:15)\n' +
    '    at cast (E:\\project\\maekcord\\backend\\node_modules\\mongoose\\lib\\cast.js:389:32)\n' +
    '    at Query.cast (E:\\project\\maekcord\\backend\\node_modules\\mongoose\\lib\\query.js:4927:12)\n' +
    '    at Query._castConditions (E:\\project\\maekcord\\backend\\node_modules\\mongoose\\lib\\query.js:2237:10)\n' +
    '    at model.Query._findOne (E:\\project\\maekcord\\backend\\node_modules\\mongoose\\lib\\query.js:2533:8)\n' +
    '    at model.Query.exec (E:\\project\\maekcord\\backend\\node_modules\\mongoose\\lib\\query.js:4447:28)\n' +
    '    at process.processTicksAndRejections (node:internal/process/task_queues:95:5)\n' +
    '    at async E:\\project\\maekcord\\backend\\routes\\patientRoutes.js:443:21',
  timestamp: '2025-07-16 13:48:21.947'
}
{
  stringValue: '"search"',
  messageFormat: undefined,
  kind: 'ObjectId',
  value: 'search',
  path: '_id',
  reason: BSONError: Argument passed in must be a string of 12 bytes or a string of 24 hex characters or an integer
      at new ObjectId (E:\project\maekcord\backend\node_modules\bson\lib\bson.cjs:2055:23)
      at castObjectId (E:\project\maekcord\backend\node_modules\mongoose\lib\cast\objectid.js:25:12)
      at ObjectId.cast (E:\project\maekcord\backend\node_modules\mongoose\lib\schema\objectid.js:248:12)
      at SchemaType.applySetters (E:\project\maekcord\backend\node_modules\mongoose\lib\schematype.js:1219:12)
      at SchemaType.castForQuery (E:\project\maekcord\backend\node_modules\mongoose\lib\schematype.js:1633:15)
      at cast (E:\project\maekcord\backend\node_modules\mongoose\lib\cast.js:389:32)
      at Query.cast (E:\project\maekcord\backend\node_modules\mongoose\lib\query.js:4927:12)
      at Query._castConditions (E:\project\maekcord\backend\node_modules\mongoose\lib\query.js:2237:10)
      at model.Query._findOne (E:\project\maekcord\backend\node_modules\mongoose\lib\query.js:2533:8)
      at model.Query.exec (E:\project\maekcord\backend\node_modules\mongoose\lib\query.js:4447:28),
  valueType: 'string',
  model: Model { Patient },
  level: 'error',
  message: '❌ 환자 상세 조회 실패: Cast to ObjectId failed for value "search" (type string) at path "_id" for model "Patient"',
  stack: 'CastError: Cast to ObjectId failed for value "search" (type string) at path "_id" for model "Patient"\n' +
    '    at ObjectId.cast (E:\\project\\maekcord\\backend\\node_modules\\mongoose\\lib\\schema\\objectid.js:250:11)\n' +
    '    at SchemaType.applySetters (E:\\project\\maekcord\\backend\\node_modules\\mongoose\\lib\\schematype.js:1219:12)\n' +
    '    at SchemaType.castForQuery (E:\\project\\maekcord\\backend\\node_modules\\mongoose\\lib\\schematype.js:1633:15)\n' +
    '    at cast (E:\\project\\maekcord\\backend\\node_modules\\mongoose\\lib\\cast.js:389:32)\n' +
    '    at Query.cast (E:\\project\\maekcord\\backend\\node_modules\\mongoose\\lib\\query.js:4927:12)\n' +
    '    at Query._castConditions (E:\\project\\maekcord\\backend\\node_modules\\mongoose\\lib\\query.js:2237:10)\n' +
    '    at model.Query._findOne (E:\\project\\maekcord\\backend\\node_modules\\mongoose\\lib\\query.js:2533:8)\n' +
    '    at model.Query.exec (E:\\project\\maekcord\\backend\\node_modules\\mongoose\\lib\\query.js:4447:28)\n' +
    '    at process.processTicksAndRejections (node:internal/process/task_queues:95:5)\n' +
    '    at async E:\\project\\maekcord\\backend\\routes\\patientRoutes.js:443:21',
  timestamp: '2025-07-16 13:48:21.961'
}
{
  stringValue: '"search"',
  messageFormat: undefined,
  kind: 'ObjectId',
  value: 'search',
  path: '_id',
  reason: BSONError: Argument passed in must be a string of 12 bytes or a string of 24 hex characters or an integer
      at new ObjectId (E:\project\maekcord\backend\node_modules\bson\lib\bson.cjs:2055:23)
      at castObjectId (E:\project\maekcord\backend\node_modules\mongoose\lib\cast\objectid.js:25:12)
      at ObjectId.cast (E:\project\maekcord\backend\node_modules\mongoose\lib\schema\objectid.js:248:12)
      at SchemaType.applySetters (E:\project\maekcord\backend\node_modules\mongoose\lib\schematype.js:1219:12)
      at SchemaType.castForQuery (E:\project\maekcord\backend\node_modules\mongoose\lib\schematype.js:1633:15)
      at cast (E:\project\maekcord\backend\node_modules\mongoose\lib\cast.js:389:32)
      at Query.cast (E:\project\maekcord\backend\node_modules\mongoose\lib\query.js:4927:12)
      at Query._castConditions (E:\project\maekcord\backend\node_modules\mongoose\lib\query.js:2237:10)
      at model.Query._findOne (E:\project\maekcord\backend\node_modules\mongoose\lib\query.js:2533:8)
      at model.Query.exec (E:\project\maekcord\backend\node_modules\mongoose\lib\query.js:4447:28),
  valueType: 'string',
  model: Model { Patient },
  level: 'error',
  message: '❌ 환자 상세 조회 실패: Cast to ObjectId failed for value "search" (type string) at path "_id" for model "Patient"',
  stack: 'CastError: Cast to ObjectId failed for value "search" (type string) at path "_id" for model "Patient"\n' +
    '    at ObjectId.cast (E:\\project\\maekcord\\backend\\node_modules\\mongoose\\lib\\schema\\objectid.js:250:11)\n' +
    '    at SchemaType.applySetters (E:\\project\\maekcord\\backend\\node_modules\\mongoose\\lib\\schematype.js:1219:12)\n' +
    '    at SchemaType.castForQuery (E:\\project\\maekcord\\backend\\node_modules\\mongoose\\lib\\schematype.js:1633:15)\n' +
    '    at cast (E:\\project\\maekcord\\backend\\node_modules\\mongoose\\lib\\cast.js:389:32)\n' +
    '    at Query.cast (E:\\project\\maekcord\\backend\\node_modules\\mongoose\\lib\\query.js:4927:12)\n' +
    '    at Query._castConditions (E:\\project\\maekcord\\backend\\node_modules\\mongoose\\lib\\query.js:2237:10)\n' +
    '    at model.Query._findOne (E:\\project\\maekcord\\backend\\node_modules\\mongoose\\lib\\query.js:2533:8)\n' +
    '    at model.Query.exec (E:\\project\\maekcord\\backend\\node_modules\\mongoose\\lib\\query.js:4447:28)\n' +
    '    at process.processTicksAndRejections (node:internal/process/task_queues:95:5)\n' +
    '    at async E:\\project\\maekcord\\backend\\routes\\patientRoutes.js:443:21',
  timestamp: '2025-07-16 13:48:21.967'
}
{
  stringValue: '"search"',
  messageFormat: undefined,
  kind: 'ObjectId',
  value: 'search',
  path: '_id',
  reason: BSONError: Argument passed in must be a string of 12 bytes or a string of 24 hex characters or an integer
      at new ObjectId (E:\project\maekcord\backend\node_modules\bson\lib\bson.cjs:2055:23)
      at castObjectId (E:\project\maekcord\backend\node_modules\mongoose\lib\cast\objectid.js:25:12)
      at ObjectId.cast (E:\project\maekcord\backend\node_modules\mongoose\lib\schema\objectid.js:248:12)
      at SchemaType.applySetters (E:\project\maekcord\backend\node_modules\mongoose\lib\schematype.js:1219:12)
      at SchemaType.castForQuery (E:\project\maekcord\backend\node_modules\mongoose\lib\schematype.js:1633:15)
      at cast (E:\project\maekcord\backend\node_modules\mongoose\lib\cast.js:389:32)
      at Query.cast (E:\project\maekcord\backend\node_modules\mongoose\lib\query.js:4927:12)
      at Query._castConditions (E:\project\maekcord\backend\node_modules\mongoose\lib\query.js:2237:10)
      at model.Query._findOne (E:\project\maekcord\backend\node_modules\mongoose\lib\query.js:2533:8)
      at model.Query.exec (E:\project\maekcord\backend\node_modules\mongoose\lib\query.js:4447:28),
  valueType: 'string',
  model: Model { Patient },
  level: 'error',
  message: '❌ 환자 상세 조회 실패: Cast to ObjectId failed for value "search" (type string) at path "_id" for model "Patient"',
  stack: 'CastError: Cast to ObjectId failed for value "search" (type string) at path "_id" for model "Patient"\n' +
    '    at ObjectId.cast (E:\\project\\maekcord\\backend\\node_modules\\mongoose\\lib\\schema\\objectid.js:250:11)\n' +
    '    at SchemaType.applySetters (E:\\project\\maekcord\\backend\\node_modules\\mongoose\\lib\\schematype.js:1219:12)\n' +
    '    at SchemaType.castForQuery (E:\\project\\maekcord\\backend\\node_modules\\mongoose\\lib\\schematype.js:1633:15)\n' +
    '    at cast (E:\\project\\maekcord\\backend\\node_modules\\mongoose\\lib\\cast.js:389:32)\n' +
    '    at Query.cast (E:\\project\\maekcord\\backend\\node_modules\\mongoose\\lib\\query.js:4927:12)\n' +
    '    at Query._castConditions (E:\\project\\maekcord\\backend\\node_modules\\mongoose\\lib\\query.js:2237:10)\n' +
    '    at model.Query._findOne (E:\\project\\maekcord\\backend\\node_modules\\mongoose\\lib\\query.js:2533:8)\n' +
    '    at model.Query.exec (E:\\project\\maekcord\\backend\\node_modules\\mongoose\\lib\\query.js:4447:28)\n' +
    '    at process.processTicksAndRejections (node:internal/process/task_queues:95:5)\n' +
    '    at async E:\\project\\maekcord\\backend\\routes\\patientRoutes.js:443:21',
  timestamp: '2025-07-16 13:48:21.977'
}
{
  stringValue: '"search"',
  messageFormat: undefined,
  kind: 'ObjectId',
  value: 'search',
  path: '_id',
  reason: BSONError: Argument passed in must be a string of 12 bytes or a string of 24 hex characters or an integer
      at new ObjectId (E:\project\maekcord\backend\node_modules\bson\lib\bson.cjs:2055:23)
      at castObjectId (E:\project\maekcord\backend\node_modules\mongoose\lib\cast\objectid.js:25:12)
      at ObjectId.cast (E:\project\maekcord\backend\node_modules\mongoose\lib\schema\objectid.js:248:12)
      at SchemaType.applySetters (E:\project\maekcord\backend\node_modules\mongoose\lib\schematype.js:1219:12)
      at SchemaType.castForQuery (E:\project\maekcord\backend\node_modules\mongoose\lib\schematype.js:1633:15)
      at cast (E:\project\maekcord\backend\node_modules\mongoose\lib\cast.js:389:32)
      at Query.cast (E:\project\maekcord\backend\node_modules\mongoose\lib\query.js:4927:12)
      at Query._castConditions (E:\project\maekcord\backend\node_modules\mongoose\lib\query.js:2237:10)
      at model.Query._findOne (E:\project\maekcord\backend\node_modules\mongoose\lib\query.js:2533:8)
      at model.Query.exec (E:\project\maekcord\backend\node_modules\mongoose\lib\query.js:4447:28),
  valueType: 'string',
  model: Model { Patient },
  level: 'error',
  message: '❌ 환자 상세 조회 실패: Cast to ObjectId failed for value "search" (type string) at path "_id" for model "Patient"',
  stack: 'CastError: Cast to ObjectId failed for value "search" (type string) at path "_id" for model "Patient"\n' +
    '    at ObjectId.cast (E:\\project\\maekcord\\backend\\node_modules\\mongoose\\lib\\schema\\objectid.js:250:11)\n' +
    '    at SchemaType.applySetters (E:\\project\\maekcord\\backend\\node_modules\\mongoose\\lib\\schematype.js:1219:12)\n' +
    '    at SchemaType.castForQuery (E:\\project\\maekcord\\backend\\node_modules\\mongoose\\lib\\schematype.js:1633:15)\n' +
    '    at cast (E:\\project\\maekcord\\backend\\node_modules\\mongoose\\lib\\cast.js:389:32)\n' +
    '    at Query.cast (E:\\project\\maekcord\\backend\\node_modules\\mongoose\\lib\\query.js:4927:12)\n' +
    '    at Query._castConditions (E:\\project\\maekcord\\backend\\node_modules\\mongoose\\lib\\query.js:2237:10)\n' +
    '    at model.Query._findOne (E:\\project\\maekcord\\backend\\node_modules\\mongoose\\lib\\query.js:2533:8)\n' +
    '    at model.Query.exec (E:\\project\\maekcord\\backend\\node_modules\\mongoose\\lib\\query.js:4447:28)\n' +
    '    at process.processTicksAndRejections (node:internal/process/task_queues:95:5)\n' +
    '    at async E:\\project\\maekcord\\backend\\routes\\patientRoutes.js:443:21',
  timestamp: '2025-07-16 13:48:22.275'
}
{
  stringValue: '"search"',
  messageFormat: undefined,
  kind: 'ObjectId',
  value: 'search',
  path: '_id',
  reason: BSONError: Argument passed in must be a string of 12 bytes or a string of 24 hex characters or an integer
      at new ObjectId (E:\project\maekcord\backend\node_modules\bson\lib\bson.cjs:2055:23)
      at castObjectId (E:\project\maekcord\backend\node_modules\mongoose\lib\cast\objectid.js:25:12)
      at ObjectId.cast (E:\project\maekcord\backend\node_modules\mongoose\lib\schema\objectid.js:248:12)
      at SchemaType.applySetters (E:\project\maekcord\backend\node_modules\mongoose\lib\schematype.js:1219:12)
      at SchemaType.castForQuery (E:\project\maekcord\backend\node_modules\mongoose\lib\schematype.js:1633:15)
      at cast (E:\project\maekcord\backend\node_modules\mongoose\lib\cast.js:389:32)
      at Query.cast (E:\project\maekcord\backend\node_modules\mongoose\lib\query.js:4927:12)
      at Query._castConditions (E:\project\maekcord\backend\node_modules\mongoose\lib\query.js:2237:10)
      at model.Query._findOne (E:\project\maekcord\backend\node_modules\mongoose\lib\query.js:2533:8)
      at model.Query.exec (E:\project\maekcord\backend\node_modules\mongoose\lib\query.js:4447:28),
  valueType: 'string',
  model: Model { Patient },
  level: 'error',
  message: '❌ 환자 상세 조회 실패: Cast to ObjectId failed for value "search" (type string) at path "_id" for model "Patient"',
  stack: 'CastError: Cast to ObjectId failed for value "search" (type string) at path "_id" for model "Patient"\n' +
    '    at ObjectId.cast (E:\\project\\maekcord\\backend\\node_modules\\mongoose\\lib\\schema\\objectid.js:250:11)\n' +
    '    at SchemaType.applySetters (E:\\project\\maekcord\\backend\\node_modules\\mongoose\\lib\\schematype.js:1219:12)\n' +
    '    at SchemaType.castForQuery (E:\\project\\maekcord\\backend\\node_modules\\mongoose\\lib\\schematype.js:1633:15)\n' +
    '    at cast (E:\\project\\maekcord\\backend\\node_modules\\mongoose\\lib\\cast.js:389:32)\n' +
    '    at Query.cast (E:\\project\\maekcord\\backend\\node_modules\\mongoose\\lib\\query.js:4927:12)\n' +
    '    at Query._castConditions (E:\\project\\maekcord\\backend\\node_modules\\mongoose\\lib\\query.js:2237:10)\n' +
    '    at model.Query._findOne (E:\\project\\maekcord\\backend\\node_modules\\mongoose\\lib\\query.js:2533:8)\n' +
    '    at model.Query.exec (E:\\project\\maekcord\\backend\\node_modules\\mongoose\\lib\\query.js:4447:28)\n' +
    '    at process.processTicksAndRejections (node:internal/process/task_queues:95:5)\n' +
    '    at async E:\\project\\maekcord\\backend\\routes\\patientRoutes.js:443:21',
  timestamp: '2025-07-16 13:48:22.302'
}
{
  stringValue: '"search"',
  messageFormat: undefined,
  kind: 'ObjectId',
  value: 'search',
  path: '_id',
  reason: BSONError: Argument passed in must be a string of 12 bytes or a string of 24 hex characters or an integer
      at new ObjectId (E:\project\maekcord\backend\node_modules\bson\lib\bson.cjs:2055:23)
      at castObjectId (E:\project\maekcord\backend\node_modules\mongoose\lib\cast\objectid.js:25:12)
      at ObjectId.cast (E:\project\maekcord\backend\node_modules\mongoose\lib\schema\objectid.js:248:12)
      at SchemaType.applySetters (E:\project\maekcord\backend\node_modules\mongoose\lib\schematype.js:1219:12)
      at SchemaType.castForQuery (E:\project\maekcord\backend\node_modules\mongoose\lib\schematype.js:1633:15)
      at cast (E:\project\maekcord\backend\node_modules\mongoose\lib\cast.js:389:32)
      at Query.cast (E:\project\maekcord\backend\node_modules\mongoose\lib\query.js:4927:12)
      at Query._castConditions (E:\project\maekcord\backend\node_modules\mongoose\lib\query.js:2237:10)
      at model.Query._findOne (E:\project\maekcord\backend\node_modules\mongoose\lib\query.js:2533:8)
      at model.Query.exec (E:\project\maekcord\backend\node_modules\mongoose\lib\query.js:4447:28),
  valueType: 'string',
  model: Model { Patient },
  level: 'error',
  message: '❌ 환자 상세 조회 실패: Cast to ObjectId failed for value "search" (type string) at path "_id" for model "Patient"',
  stack: 'CastError: Cast to ObjectId failed for value "search" (type string) at path "_id" for model "Patient"\n' +
    '    at ObjectId.cast (E:\\project\\maekcord\\backend\\node_modules\\mongoose\\lib\\schema\\objectid.js:250:11)\n' +
    '    at SchemaType.applySetters (E:\\project\\maekcord\\backend\\node_modules\\mongoose\\lib\\schematype.js:1219:12)\n' +
    '    at SchemaType.castForQuery (E:\\project\\maekcord\\backend\\node_modules\\mongoose\\lib\\schematype.js:1633:15)\n' +
    '    at cast (E:\\project\\maekcord\\backend\\node_modules\\mongoose\\lib\\cast.js:389:32)\n' +
    '    at Query.cast (E:\\project\\maekcord\\backend\\node_modules\\mongoose\\lib\\query.js:4927:12)\n' +
    '    at Query._castConditions (E:\\project\\maekcord\\backend\\node_modules\\mongoose\\lib\\query.js:2237:10)\n' +
    '    at model.Query._findOne (E:\\project\\maekcord\\backend\\node_modules\\mongoose\\lib\\query.js:2533:8)\n' +
    '    at model.Query.exec (E:\\project\\maekcord\\backend\\node_modules\\mongoose\\lib\\query.js:4447:28)\n' +
    '    at process.processTicksAndRejections (node:internal/process/task_queues:95:5)\n' +
    '    at async E:\\project\\maekcord\\backend\\routes\\patientRoutes.js:443:21',
  timestamp: '2025-07-16 13:48:22.310'
}
{
  stringValue: '"search"',
  messageFormat: undefined,
  kind: 'ObjectId',
  value: 'search',
  path: '_id',
  reason: BSONError: Argument passed in must be a string of 12 bytes or a string of 24 hex characters or an integer
      at new ObjectId (E:\project\maekcord\backend\node_modules\bson\lib\bson.cjs:2055:23)
      at castObjectId (E:\project\maekcord\backend\node_modules\mongoose\lib\cast\objectid.js:25:12)
      at ObjectId.cast (E:\project\maekcord\backend\node_modules\mongoose\lib\schema\objectid.js:248:12)
      at SchemaType.applySetters (E:\project\maekcord\backend\node_modules\mongoose\lib\schematype.js:1219:12)
      at SchemaType.castForQuery (E:\project\maekcord\backend\node_modules\mongoose\lib\schematype.js:1633:15)
      at cast (E:\project\maekcord\backend\node_modules\mongoose\lib\cast.js:389:32)
      at Query.cast (E:\project\maekcord\backend\node_modules\mongoose\lib\query.js:4927:12)
      at Query._castConditions (E:\project\maekcord\backend\node_modules\mongoose\lib\query.js:2237:10)
      at model.Query._findOne (E:\project\maekcord\backend\node_modules\mongoose\lib\query.js:2533:8)
      at model.Query.exec (E:\project\maekcord\backend\node_modules\mongoose\lib\query.js:4447:28),
  valueType: 'string',
  model: Model { Patient },
  level: 'error',
  message: '❌ 환자 상세 조회 실패: Cast to ObjectId failed for value "search" (type string) at path "_id" for model "Patient"',
  stack: 'CastError: Cast to ObjectId failed for value "search" (type string) at path "_id" for model "Patient"\n' +
    '    at ObjectId.cast (E:\\project\\maekcord\\backend\\node_modules\\mongoose\\lib\\schema\\objectid.js:250:11)\n' +
    '    at SchemaType.applySetters (E:\\project\\maekcord\\backend\\node_modules\\mongoose\\lib\\schematype.js:1219:12)\n' +
    '    at SchemaType.castForQuery (E:\\project\\maekcord\\backend\\node_modules\\mongoose\\lib\\schematype.js:1633:15)\n' +
    '    at cast (E:\\project\\maekcord\\backend\\node_modules\\mongoose\\lib\\cast.js:389:32)\n' +
    '    at Query.cast (E:\\project\\maekcord\\backend\\node_modules\\mongoose\\lib\\query.js:4927:12)\n' +
    '    at Query._castConditions (E:\\project\\maekcord\\backend\\node_modules\\mongoose\\lib\\query.js:2237:10)\n' +
    '    at model.Query._findOne (E:\\project\\maekcord\\backend\\node_modules\\mongoose\\lib\\query.js:2533:8)\n' +
    '    at model.Query.exec (E:\\project\\maekcord\\backend\\node_modules\\mongoose\\lib\\query.js:4447:28)\n' +
    '    at process.processTicksAndRejections (node:internal/process/task_queues:95:5)\n' +
    '    at async E:\\project\\maekcord\\backend\\routes\\patientRoutes.js:443:21',
  timestamp: '2025-07-16 13:48:22.317'
}
{"level":"error","message":"invalid signature","name":"JsonWebTokenError","service":"maekstation-backend","stack":"JsonWebTokenError: invalid signature\n    at E:\\project\\maekcord\\backend\\node_modules\\jsonwebtoken\\verify.js:171:19\n    at getSecret (E:\\project\\maekcord\\backend\\node_modules\\jsonwebtoken\\verify.js:97:14)\n    at module.exports [as verify] (E:\\project\\maekcord\\backend\\node_modules\\jsonwebtoken\\verify.js:101:10)\n    at authenticateToken (E:\\project\\maekcord\\backend\\middleware\\auth.js:18:7)\n    at Layer.handle [as handle_request] (E:\\project\\maekcord\\backend\\node_modules\\express\\lib\\router\\layer.js:95:5)\n    at trim_prefix (E:\\project\\maekcord\\backend\\node_modules\\express\\lib\\router\\index.js:328:13)\n    at E:\\project\\maekcord\\backend\\node_modules\\express\\lib\\router\\index.js:286:9\n    at Function.process_params (E:\\project\\maekcord\\backend\\node_modules\\express\\lib\\router\\index.js:346:12)\n    at next (E:\\project\\maekcord\\backend\\node_modules\\express\\lib\\router\\index.js:280:10)\n    at Function.handle (E:\\project\\maekcord\\backend\\node_modules\\express\\lib\\router\\index.js:175:3)","timestamp":"2025-07-17 12:51:33"}
